<?xml version="1.0" encoding="UTF-8"?>
<!-- Generated by org.testng.reporters.JUnitReportReporter -->
<testsuite hostname="hus" failures="0" tests="2" name="tests.NavigationTabTest" time="73.886" errors="0" timestamp="2020-02-03T20:35:55 EET" skipped="0">
  <testcase classname="tests.NavigationTabTest" name="verifyOpenRandomTab" time="2.986"/>
  <testcase classname="tests.NavigationTabTest" name="checkImages" time="70.900"/>
</testsuite> <!-- tests.NavigationTabTest -->
