<?xml version="1.0" encoding="UTF-8"?>
<!-- Generated by org.testng.reporters.JUnitReportReporter -->
<testsuite hostname="hus" failures="0" tests="3" name="tests.LoginTest" time="34.469" errors="0" timestamp="2020-02-03T20:35:55 EET" skipped="0">
  <testcase classname="tests.LoginTest" name="invalidLoginTest_InvalidUserNameInvalidPassword" time="21.635"/>
  <testcase classname="tests.LoginTest" name="invalidLoginTest_EmptyUserEmptyPassword" time="5.519"/>
  <testcase classname="tests.LoginTest" name="validLoginTest_CorrectUserAndPass" time="7.315"/>
</testsuite> <!-- tests.LoginTest -->
