<?xml version="1.0" encoding="UTF-8"?>
<!-- Generated by org.testng.reporters.JUnitReportReporter -->
<testsuite hostname="hus" failures="0" tests="4" name="tests.BoutiqueTest" time="41.601" errors="0" timestamp="2020-02-03T20:35:56 EET" skipped="0">
  <testcase classname="tests.BoutiqueTest" name="verifyOpenRandomBoutique" time="16.511"/>
  <testcase classname="tests.BoutiqueTest" name="verifyProductImage" time="6.363"/>
  <testcase classname="tests.BoutiqueTest" name="verifyOpenProductDetail" time="6.361"/>
  <testcase classname="tests.BoutiqueTest" name="verifyAddToBasket" time="12.366"/>
</testsuite> <!-- tests.BoutiqueTest -->
